0 info it worked if it ends with ok
1 verbose cli [ 'C:\\Program Files\\nodejs\\node.exe',
1 verbose cli   'C:\\Program Files\\nodejs\\node_modules\\npm\\bin\\npm-cli.js',
1 verbose cli   'run',
1 verbose cli   'build-admin' ]
2 info using npm@3.10.9
3 info using node@v6.9.2
4 verbose run-script [ 'prebuild-admin', 'build-admin', 'postbuild-admin' ]
5 info lifecycle @~prebuild-admin: @
6 silly lifecycle @~prebuild-admin: no script for prebuild-admin, continuing
7 info lifecycle @~build-admin: @
8 verbose lifecycle @~build-admin: unsafe-perm in lifecycle true
9 verbose lifecycle @~build-admin: PATH: C:\Program Files\nodejs\node_modules\npm\bin\node-gyp-bin;E:\chayeapp\teamart\node_modules\.bin;C:\Ruby23\bin;C:\Windows\system32;C:\Windows;C:\Windows\System32\Wbem;C:\Windows\System32\WindowsPowerShell\v1.0\;C:\Program Files\nodejs\;D:\phpStudy\php\php-5.6.27-nts;C:\ProgramData\ComposerSetup\bin;C:\Program Files\Git\cmd;C:\Program Files\TortoiseGit\bin;D:\phpStudy\MySQL\bin;C:\Users\Administrator.PC-201703060956\AppData\Local\Programs\Python\Python36\Scripts\;C:\Users\Administrator.PC-201703060956\AppData\Local\Programs\Python\Python36\;C:\Users\Administrator.PC-201703060956\AppData\Roaming\npm;D:\phpStudy\php\php-5.6.27-nts
10 verbose lifecycle @~build-admin: CWD: E:\chayeapp\teamart
11 silly lifecycle @~build-admin: Args: [ '/d /s /c', 'webpack webpack.config.js admin' ]
12 silly lifecycle @~build-admin: Returned: code: 2  signal: null
13 info lifecycle @~build-admin: Failed to exec build-admin script
14 verbose stack Error: @ build-admin: `webpack webpack.config.js admin`
14 verbose stack Exit status 2
14 verbose stack     at EventEmitter.<anonymous> (C:\Program Files\nodejs\node_modules\npm\lib\utils\lifecycle.js:255:16)
14 verbose stack     at emitTwo (events.js:106:13)
14 verbose stack     at EventEmitter.emit (events.js:191:7)
14 verbose stack     at ChildProcess.<anonymous> (C:\Program Files\nodejs\node_modules\npm\lib\utils\spawn.js:40:14)
14 verbose stack     at emitTwo (events.js:106:13)
14 verbose stack     at ChildProcess.emit (events.js:191:7)
14 verbose stack     at maybeClose (internal/child_process.js:877:16)
14 verbose stack     at Process.ChildProcess._handle.onexit (internal/child_process.js:226:5)
15 verbose pkgid @
16 verbose cwd E:\chayeapp\teamart
17 error Windows_NT 6.1.7601
18 error argv "C:\\Program Files\\nodejs\\node.exe" "C:\\Program Files\\nodejs\\node_modules\\npm\\bin\\npm-cli.js" "run" "build-admin"
19 error node v6.9.2
20 error npm  v3.10.9
21 error code ELIFECYCLE
22 error @ build-admin: `webpack webpack.config.js admin`
22 error Exit status 2
23 error Failed at the @ build-admin script 'webpack webpack.config.js admin'.
23 error Make sure you have the latest version of node.js and npm installed.
23 error If you do, this is most likely a problem with the  package,
23 error not with npm itself.
23 error Tell the author that this fails on your system:
23 error     webpack webpack.config.js admin
23 error You can get information on how to open an issue for this project with:
23 error     npm bugs
23 error Or if that isn't available, you can get their info via:
23 error     npm owner ls
23 error There is likely additional logging output above.
24 verbose exit [ 1, true ]
